  LevelComplete.cpp
  LevelRestart.cpp
  main.cpp
  map.cpp
C:\Users\Ena\Radna površina\verzija5\Project1\map.cpp(54,69): warning C4244: 'argument': conversion from 'int' to 'float', possible loss of data
C:\Users\Ena\Radna površina\verzija5\Project1\map.cpp(54,54): warning C4244: 'argument': conversion from 'int' to 'float', possible loss of data
C:\Users\Ena\Radna površina\verzija5\Project1\map.cpp(64,80): warning C4244: 'argument': conversion from 'int' to 'float', possible loss of data
C:\Users\Ena\Radna površina\verzija5\Project1\map.cpp(64,65): warning C4244: 'argument': conversion from 'int' to 'float', possible loss of data
C:\Users\Ena\Radna površina\verzija5\Project1\map.cpp(68,80): warning C4244: 'argument': conversion from 'int' to 'float', possible loss of data
C:\Users\Ena\Radna površina\verzija5\Project1\map.cpp(68,65): warning C4244: 'argument': conversion from 'int' to 'float', possible loss of data
C:\Users\Ena\Radna površina\verzija5\Project1\map.cpp(72,80): warning C4244: 'argument': conversion from 'int' to 'float', possible loss of data
C:\Users\Ena\Radna površina\verzija5\Project1\map.cpp(72,65): warning C4244: 'argument': conversion from 'int' to 'float', possible loss of data
C:\Users\Ena\Radna površina\verzija5\Project1\map.cpp(76,80): warning C4244: 'argument': conversion from 'int' to 'float', possible loss of data
C:\Users\Ena\Radna površina\verzija5\Project1\map.cpp(76,65): warning C4244: 'argument': conversion from 'int' to 'float', possible loss of data
C:\Users\Ena\Radna površina\verzija5\Project1\map.cpp(80,80): warning C4244: 'argument': conversion from 'int' to 'float', possible loss of data
C:\Users\Ena\Radna površina\verzija5\Project1\map.cpp(80,65): warning C4244: 'argument': conversion from 'int' to 'float', possible loss of data
C:\Users\Ena\Radna površina\verzija5\Project1\map.cpp(84,75): warning C4244: 'argument': conversion from 'int' to 'float', possible loss of data
C:\Users\Ena\Radna površina\verzija5\Project1\map.cpp(84,60): warning C4244: 'argument': conversion from 'int' to 'float', possible loss of data
C:\Users\Ena\Radna površina\verzija5\Project1\map.cpp(90,73): warning C4244: 'argument': conversion from 'int' to 'float', possible loss of data
C:\Users\Ena\Radna površina\verzija5\Project1\map.cpp(90,58): warning C4244: 'argument': conversion from 'int' to 'float', possible loss of data
C:\Users\Ena\Radna površina\verzija5\Project1\map.cpp(95,74): warning C4244: 'argument': conversion from 'int' to 'float', possible loss of data
C:\Users\Ena\Radna površina\verzija5\Project1\map.cpp(95,59): warning C4244: 'argument': conversion from 'int' to 'float', possible loss of data
C:\Users\Ena\Radna površina\verzija5\Project1\map.cpp(101,62): warning C4244: 'argument': conversion from 'int' to 'float', possible loss of data
C:\Users\Ena\Radna površina\verzija5\Project1\map.cpp(106,38): warning C4244: 'argument': conversion from 'int' to 'float', possible loss of data
C:\Users\Ena\Radna površina\verzija5\Project1\map.cpp(111,64): warning C4244: 'argument': conversion from 'int' to 'float', possible loss of data
C:\Users\Ena\Radna površina\verzija5\Project1\map.cpp(116,38): warning C4244: 'argument': conversion from 'int' to 'float', possible loss of data
C:\Users\Ena\Radna površina\verzija5\Project1\map.cpp(115,38): warning C4244: 'argument': conversion from 'int' to 'float', possible loss of data
C:\Users\Ena\Radna površina\verzija5\Project1\map.cpp(122,90): warning C4244: 'argument': conversion from 'int' to 'float', possible loss of data
C:\Users\Ena\Radna površina\verzija5\Project1\map.cpp(131,92): warning C4244: 'argument': conversion from 'int' to 'float', possible loss of data
C:\Users\Ena\Radna površina\verzija5\Project1\map.cpp(140,94): warning C4244: 'argument': conversion from 'int' to 'float', possible loss of data
C:\Users\Ena\Radna površina\verzija5\Project1\map.cpp(149,95): warning C4244: 'argument': conversion from 'int' to 'float', possible loss of data
C:\Users\Ena\Radna površina\verzija5\Project1\map.cpp(159,95): warning C4244: 'argument': conversion from 'int' to 'float', possible loss of data
C:\Users\Ena\Radna površina\verzija5\Project1\map.cpp(170,96): warning C4244: 'argument': conversion from 'int' to 'float', possible loss of data
C:\Users\Ena\Radna površina\verzija5\Project1\map.cpp(181,97): warning C4244: 'argument': conversion from 'int' to 'float', possible loss of data
C:\Users\Ena\Radna površina\verzija5\Project1\map.cpp(192,96): warning C4244: 'argument': conversion from 'int' to 'float', possible loss of data
  mapTile.cpp
  Generating Code...
  Project1.vcxproj -> C:\Users\Ena\Radna površina\verzija5\Project1\x64\Debug\Project1.exe
